lex-shell/app/build/outputs/logs/manifest-merger-debug-report.txt
-- Merging decision tree log ---
manifest
ADDED from src\main\AndroidManifest.xml:2:1-36:12
	package
		ADDED from src\main\AndroidManifest.xml:3:11-37
		INJECTED from src\main\AndroidManifest.xml
		INJECTED from src\main\AndroidManifest.xml
	android:versionName
		INJECTED from src\main\AndroidManifest.xml
		INJECTED from src\main\AndroidManifest.xml
	xmlns:android
		ADDED from src\main\AndroidManifest.xml:2:11-69
	android:versionCode
		INJECTED from src\main\AndroidManifest.xml
		INJECTED from src\main\AndroidManifest.xml
uses-permission#android.permission.BROADCAST_STICKY
ADDED from src\main\AndroidManifest.xml:5:5-75
	android:name
		ADDED from src\main\AndroidManifest.xml:5:22-72
uses-permission#android.permission.INTERACT_ACROSS_USERS
ADDED from src\main\AndroidManifest.xml:6:5-80
	android:name
		ADDED from src\main\AndroidManifest.xml:6:22-77
uses-permission#android.permission.INTERNET
ADDED from src\main\AndroidManifest.xml:7:5-66
MERGED from [:rim-sdk-api-1.6.2.9-release:] AndroidManifest.xml:13:5-67
MERGED from [:rim-sdk-face-1.6.2.9-release:] AndroidManifest.xml:14:5-67
	android:name
		ADDED from src\main\AndroidManifest.xml:7:22-64
uses-permission#android.permission.CAMERA
ADDED from src\main\AndroidManifest.xml:8:5-64
MERGED from [:rim-sdk-api-1.6.2.9-release:] AndroidManifest.xml:33:5-65
MERGED from [:rim-sdk-face-1.6.2.9-release:] AndroidManifest.xml:12:5-65
	android:name
		ADDED from src\main\AndroidManifest.xml:8:22-62
uses-permission#android.permission.WRITE_EXTERNAL_STORAGE
ADDED from src\main\AndroidManifest.xml:9:5-80
MERGED from [:rim-sdk-api-1.6.2.9-release:] AndroidManifest.xml:37:5-81
MERGED from [:rim-sdk-face-1.6.2.9-release:] AndroidManifest.xml:16:5-81
	android:name
		ADDED from src\main\AndroidManifest.xml:9:22-78
uses-permission#android.permission.READ_EXTERNAL_STORAGE
ADDED from src\main\AndroidManifest.xml:10:5-79
MERGED from [:rim-sdk-api-1.6.2.9-release:] AndroidManifest.xml:38:5-80
	android:name
		ADDED from src\main\AndroidManifest.xml:10:22-77
application
ADDED from src\main\AndroidManifest.xml:12:5-34:19
MERGED from [:rim-sdk-api-1.6.2.9-release:] AndroidManifest.xml:60:5-63:19
MERGED from [:rim-sdk-face-1.6.2.9-release:] AndroidManifest.xml:22:5-55:19
	android:label
		ADDED from src\main\AndroidManifest.xml:16:9-41
	android:supportsRtl
		ADDED from src\main\AndroidManifest.xml:17:9-35
	android:allowBackup
		ADDED from src\main\AndroidManifest.xml:14:9-36
	android:icon
		ADDED from src\main\AndroidManifest.xml:15:9-43
	android:theme
		ADDED from src\main\AndroidManifest.xml:18:9-40
	android:name
		ADDED from src\main\AndroidManifest.xml:13:9-66
activity#lerrain.project.mshell.Main
ADDED from src\main\AndroidManifest.xml:19:9-25:20
	android:name
		ADDED from src\main\AndroidManifest.xml:19:19-61
intent-filter#android.intent.action.MAIN+android.intent.category.LAUNCHER
ADDED from src\main\AndroidManifest.xml:20:13-24:29
action#android.intent.action.MAIN
ADDED from src\main\AndroidManifest.xml:21:17-68
	android:name
		ADDED from src\main\AndroidManifest.xml:21:25-66
category#android.intent.category.LAUNCHER
ADDED from src\main\AndroidManifest.xml:23:17-76
	android:name
		ADDED from src\main\AndroidManifest.xml:23:27-74
activity#com.intsig.idcardscan.sdk.ISCardScanActivity
ADDED from src\main\AndroidManifest.xml:26:9-29:20
	android:label
		ADDED from src\main\AndroidManifest.xml:28:13-45
	android:name
		ADDED from src\main\AndroidManifest.xml:27:13-72
activity#com.intsig.ccrengine.ISCardScanActivity
ADDED from src\main\AndroidManifest.xml:30:9-33:20
	android:label
		ADDED from src\main\AndroidManifest.xml:32:13-45
	android:name
		ADDED from src\main\AndroidManifest.xml:31:13-67
uses-sdk
INJECTED from src\main\AndroidManifest.xml reason: use-sdk injection requested
MERGED from [cn.sharesdk:ShareSDK:3.2.0] AndroidManifest.xml:7:5-9:41
MERGED from [cn.sharesdk:OneKeyShare:3.2.0] AndroidManifest.xml:7:5-9:41
MERGED from [:rim-sdk-api-1.6.2.9-release:] AndroidManifest.xml:7:5-9:41
MERGED from [:rim-sdk-face-1.6.2.9-release:] AndroidManifest.xml:7:5-9:41
	android:targetSdkVersion
		INJECTED from src\main\AndroidManifest.xml
		INJECTED from src\main\AndroidManifest.xml
	android:minSdkVersion
		INJECTED from src\main\AndroidManifest.xml
		INJECTED from src\main\AndroidManifest.xml
uses-permission#android.permission.ACCESS_WIFI_STATE
ADDED from [:rim-sdk-api-1.6.2.9-release:] AndroidManifest.xml:17:5-76
	android:name
		ADDED from [:rim-sdk-api-1.6.2.9-release:] AndroidManifest.xml:17:22-73
uses-permission#android.permission.ACCESS_NETWORK_STATE
ADDED from [:rim-sdk-api-1.6.2.9-release:] AndroidManifest.xml:20:5-79
MERGED from [:rim-sdk-face-1.6.2.9-release:] AndroidManifest.xml:17:5-79
	android:name
		ADDED from [:rim-sdk-api-1.6.2.9-release:] AndroidManifest.xml:20:22-76
uses-permission#android.permission.ACCESS_COARSE_LOCATION
ADDED from [:rim-sdk-api-1.6.2.9-release:] AndroidManifest.xml:24:5-81
	android:name
		ADDED from [:rim-sdk-api-1.6.2.9-release:] AndroidManifest.xml:24:22-78
uses-permission#android.permission.ACCESS_FINE_LOCATION
ADDED from [:rim-sdk-api-1.6.2.9-release:] AndroidManifest.xml:25:5-79
	android:name
		ADDED from [:rim-sdk-api-1.6.2.9-release:] AndroidManifest.xml:25:22-76
uses-permission#android.permission.READ_PHONE_STATE
ADDED from [:rim-sdk-api-1.6.2.9-release:] AndroidManifest.xml:29:5-75
MERGED from [:rim-sdk-face-1.6.2.9-release:] AndroidManifest.xml:19:5-75
	android:name
		ADDED from [:rim-sdk-api-1.6.2.9-release:] AndroidManifest.xml:29:22-72
uses-permission#android.permission.WRITE_SETTINGS
ADDED from [:rim-sdk-api-1.6.2.9-release:] AndroidManifest.xml:44:5-73
MERGED from [:rim-sdk-face-1.6.2.9-release:] AndroidManifest.xml:18:5-73
	android:name
		ADDED from [:rim-sdk-api-1.6.2.9-release:] AndroidManifest.xml:44:22-70
uses-feature#android.hardware.camera
ADDED from [:rim-sdk-api-1.6.2.9-release:] AndroidManifest.xml:47:5-49:36
	android:required
		ADDED from [:rim-sdk-api-1.6.2.9-release:] AndroidManifest.xml:49:9-33
	android:name
		ADDED from [:rim-sdk-api-1.6.2.9-release:] AndroidManifest.xml:48:9-47
uses-feature#android.hardware.camera.front
ADDED from [:rim-sdk-api-1.6.2.9-release:] AndroidManifest.xml:50:5-52:36
	android:required
		ADDED from [:rim-sdk-api-1.6.2.9-release:] AndroidManifest.xml:52:9-33
	android:name
		ADDED from [:rim-sdk-api-1.6.2.9-release:] AndroidManifest.xml:51:9-53
uses-feature#android.hardware.camera.autofocus
ADDED from [:rim-sdk-api-1.6.2.9-release:] AndroidManifest.xml:53:5-55:36
	android:required
		ADDED from [:rim-sdk-api-1.6.2.9-release:] AndroidManifest.xml:55:9-33
	android:name
		ADDED from [:rim-sdk-api-1.6.2.9-release:] AndroidManifest.xml:54:9-57
uses-feature#android.hardware.camera.flash
ADDED from [:rim-sdk-api-1.6.2.9-release:] AndroidManifest.xml:56:5-58:36
	android:required
		ADDED from [:rim-sdk-api-1.6.2.9-release:] AndroidManifest.xml:58:9-33
	android:name
		ADDED from [:rim-sdk-api-1.6.2.9-release:] AndroidManifest.xml:57:9-53
uses-permission#android.permission.RECORD_AUDIO
ADDED from [:rim-sdk-face-1.6.2.9-release:] AndroidManifest.xml:13:5-71
	android:name
		ADDED from [:rim-sdk-face-1.6.2.9-release:] AndroidManifest.xml:13:22-68
uses-permission#android.permission.MOUNT_UNMOUNT_FILESYSTEMS
ADDED from [:rim-sdk-face-1.6.2.9-release:] AndroidManifest.xml:15:5-84
	android:name
		ADDED from [:rim-sdk-face-1.6.2.9-release:] AndroidManifest.xml:15:22-81
uses-permission#android.permission.DOWNLOAD_WITHOUT_NOTIFICATION
ADDED from [:rim-sdk-face-1.6.2.9-release:] AndroidManifest.xml:20:5-88
	android:name
		ADDED from [:rim-sdk-face-1.6.2.9-release:] AndroidManifest.xml:20:22-85
activity#com.baidu.fsg.face.liveness.activity.LivenessRecogGuidActivity
ADDED from [:rim-sdk-face-1.6.2.9-release:] AndroidManifest.xml:25:9-29:48
	android:screenOrientation
		ADDED from [:rim-sdk-face-1.6.2.9-release:] AndroidManifest.xml:28:13-49
	android:launchMode
		ADDED from [:rim-sdk-face-1.6.2.9-release:] AndroidManifest.xml:27:13-43
	android:theme
		ADDED from [:rim-sdk-face-1.6.2.9-release:] AndroidManifest.xml:29:13-45
	android:name
		ADDED from [:rim-sdk-face-1.6.2.9-release:] AndroidManifest.xml:26:13-90
activity#com.baidu.fsg.face.liveness.activity.LivenessRecogActivity
ADDED from [:rim-sdk-face-1.6.2.9-release:] AndroidManifest.xml:30:9-34:78
	android:screenOrientation
		ADDED from [:rim-sdk-face-1.6.2.9-release:] AndroidManifest.xml:33:13-49
	android:launchMode
		ADDED from [:rim-sdk-face-1.6.2.9-release:] AndroidManifest.xml:32:13-43
	android:theme
		ADDED from [:rim-sdk-face-1.6.2.9-release:] AndroidManifest.xml:34:13-75
	android:name
		ADDED from [:rim-sdk-face-1.6.2.9-release:] AndroidManifest.xml:31:13-86
activity#com.baidu.fsg.face.liveness.activity.LivenessLoadingActivity
ADDED from [:rim-sdk-face-1.6.2.9-release:] AndroidManifest.xml:35:9-39:75
	android:screenOrientation
		ADDED from [:rim-sdk-face-1.6.2.9-release:] AndroidManifest.xml:38:13-49
	android:launchMode
		ADDED from [:rim-sdk-face-1.6.2.9-release:] AndroidManifest.xml:37:13-43
	android:theme
		ADDED from [:rim-sdk-face-1.6.2.9-release:] AndroidManifest.xml:39:13-72
	android:name
		ADDED from [:rim-sdk-face-1.6.2.9-release:] AndroidManifest.xml:36:13-88
activity#com.baidu.fsg.face.liveness.activity.LivenessVideoLoadingActivity
ADDED from [:rim-sdk-face-1.6.2.9-release:] AndroidManifest.xml:40:9-44:75
	android:screenOrientation
		ADDED from [:rim-sdk-face-1.6.2.9-release:] AndroidManifest.xml:43:13-49
	android:launchMode
		ADDED from [:rim-sdk-face-1.6.2.9-release:] AndroidManifest.xml:42:13-43
	android:theme
		ADDED from [:rim-sdk-face-1.6.2.9-release:] AndroidManifest.xml:44:13-72
	android:name
		ADDED from [:rim-sdk-face-1.6.2.9-release:] AndroidManifest.xml:41:13-93
activity#com.baidu.fsg.face.liveness.activity.LivenessVideoGuidActivity
ADDED from [:rim-sdk-face-1.6.2.9-release:] AndroidManifest.xml:45:9-49:48
	android:screenOrientation
		ADDED from [:rim-sdk-face-1.6.2.9-release:] AndroidManifest.xml:48:13-49
	android:launchMode
		ADDED from [:rim-sdk-face-1.6.2.9-release:] AndroidManifest.xml:47:13-43
	android:theme
		ADDED from [:rim-sdk-face-1.6.2.9-release:] AndroidManifest.xml:49:13-45
	android:name
		ADDED from [:rim-sdk-face-1.6.2.9-release:] AndroidManifest.xml:46:13-90
activity#com.baidu.fsg.face.liveness.activity.LivenessVideoActivity
ADDED from [:rim-sdk-face-1.6.2.9-release:] AndroidManifest.xml:50:9-54:78
	android:screenOrientation
		ADDED from [:rim-sdk-face-1.6.2.9-release:] AndroidManifest.xml:53:13-49
	android:launchMode
		ADDED from [:rim-sdk-face-1.6.2.9-release:] AndroidManifest.xml:52:13-43
	android:theme
		ADDED from [:rim-sdk-face-1.6.2.9-release:] AndroidManifest.xml:54:13-75
	android:name
		ADDED from [:rim-sdk-face-1.6.2.9-release:] AndroidManifest.xml:51:13-86